Traceback (most recent call last):
  File "/opt/hostedtoolcache/Python/3.8.18/x64/lib/python3.8/site-packages/jupyter_core/utils/__init__.py", line 154, in wrapped
    asyncio.get_running_loop()
RuntimeError: no running event loop

During handling of the above exception, another exception occurred:

Traceback (most recent call last):
  File "/opt/hostedtoolcache/Python/3.8.18/x64/lib/python3.8/site-packages/jupyter_cache/executors/utils.py", line 58, in single_nb_execution
    executenb(
  File "/opt/hostedtoolcache/Python/3.8.18/x64/lib/python3.8/site-packages/nbclient/client.py", line 1305, in execute
    return NotebookClient(nb=nb, resources=resources, km=km, **kwargs).execute()
  File "/opt/hostedtoolcache/Python/3.8.18/x64/lib/python3.8/site-packages/jupyter_core/utils/__init__.py", line 158, in wrapped
    return loop.run_until_complete(inner)
  File "/opt/hostedtoolcache/Python/3.8.18/x64/lib/python3.8/asyncio/base_events.py", line 616, in run_until_complete
    return future.result()
  File "/opt/hostedtoolcache/Python/3.8.18/x64/lib/python3.8/site-packages/nbclient/client.py", line 705, in async_execute
    await self.async_execute_cell(
  File "/opt/hostedtoolcache/Python/3.8.18/x64/lib/python3.8/site-packages/nbclient/client.py", line 1058, in async_execute_cell
    await self._check_raise_for_error(cell, cell_index, exec_reply)
  File "/opt/hostedtoolcache/Python/3.8.18/x64/lib/python3.8/site-packages/nbclient/client.py", line 914, in _check_raise_for_error
    raise CellExecutionError.from_cell_and_msg(cell, exec_reply_content)
nbclient.exceptions.CellExecutionError: An error occurred while executing the following cell:
------------------
# Collect data
methods = ["HF", "MP2", "CCSD", "CCSD(T)", "FCI"]
energies = [mymf.e_tot, mymp2.e_tot, mycc.e_tot, mycc.e_tot + e_ccsd_t, myfci.e_tot]

# Plotting
fig = px.line(x=methods, y=energies, title="Comparison of QC methods", markers=True)
fig.update_layout(xaxis_title="Method", yaxis_title="Energy (Ha)")
fig.update_traces(marker_size=12)
fig.show() # It's interactive!
------------------


[0;31m---------------------------------------------------------------------------[0m
[0;31mNameError[0m                                 Traceback (most recent call last)
Cell [0;32mIn[21], line 3[0m
[1;32m      1[0m [38;5;66;03m# Collect data[39;00m
[1;32m      2[0m methods [38;5;241m=[39m [[38;5;124m"[39m[38;5;124mHF[39m[38;5;124m"[39m, [38;5;124m"[39m[38;5;124mMP2[39m[38;5;124m"[39m, [38;5;124m"[39m[38;5;124mCCSD[39m[38;5;124m"[39m, [38;5;124m"[39m[38;5;124mCCSD(T)[39m[38;5;124m"[39m, [38;5;124m"[39m[38;5;124mFCI[39m[38;5;124m"[39m]
[0;32m----> 3[0m energies [38;5;241m=[39m [mymf[38;5;241m.[39me_tot, [43mmymp2[49m[38;5;241m.[39me_tot, mycc[38;5;241m.[39me_tot, mycc[38;5;241m.[39me_tot [38;5;241m+[39m e_ccsd_t, myfci[38;5;241m.[39me_tot]
[1;32m      5[0m [38;5;66;03m# Plotting[39;00m
[1;32m      6[0m fig [38;5;241m=[39m px[38;5;241m.[39mline(x[38;5;241m=[39mmethods, y[38;5;241m=[39menergies, title[38;5;241m=[39m[38;5;124m"[39m[38;5;124mComparison of QC methods[39m[38;5;124m"[39m, markers[38;5;241m=[39m[38;5;28;01mTrue[39;00m)

[0;31mNameError[0m: name 'mymp2' is not defined

